0 info it worked if it ends with ok
1 verbose cli [ 'C:\\Program Files\\nodejs\\node.exe',
1 verbose cli   'C:\\Program Files\\nodejs\\node_modules\\npm\\bin\\npm-cli.js',
1 verbose cli   'install',
1 verbose cli   'flocking' ]
2 info using npm@3.10.10
3 info using node@v6.11.3
4 silly loadCurrentTree Starting
5 silly install loadCurrentTree
6 silly install readLocalPackageData
7 silly fetchPackageMetaData flocking
8 silly fetchNamedPackageData flocking
9 silly mapToRegistry name flocking
10 silly mapToRegistry using default registry
11 silly mapToRegistry registry https://registry.npmjs.org/
12 silly mapToRegistry data Result {
12 silly mapToRegistry   raw: 'flocking',
12 silly mapToRegistry   scope: null,
12 silly mapToRegistry   escapedName: 'flocking',
12 silly mapToRegistry   name: 'flocking',
12 silly mapToRegistry   rawSpec: '',
12 silly mapToRegistry   spec: 'latest',
12 silly mapToRegistry   type: 'tag' }
13 silly mapToRegistry uri https://registry.npmjs.org/flocking
14 verbose request uri https://registry.npmjs.org/flocking
15 verbose request no auth needed
16 info attempt registry request try #1 at 23:18:05
17 verbose request id 45ba4ae2e608969c
18 http request GET https://registry.npmjs.org/flocking
19 http 200 https://registry.npmjs.org/flocking
20 verbose headers { 'content-type': 'application/json; charset=UTF-8',
20 verbose headers   server: 'UploadServer',
20 verbose headers   'cache-control': 'max-age=300',
20 verbose headers   'last-modified': 'Mon, 4 Dec 2017 17:00:09 GMT',
20 verbose headers   etag: '"5a257f19-7731"',
20 verbose headers   'content-length': '30513',
20 verbose headers   'accept-ranges': 'bytes',
20 verbose headers   date: 'Fri, 08 Dec 2017 22:18:03 GMT',
20 verbose headers   via: '1.1 varnish',
20 verbose headers   age: '0',
20 verbose headers   connection: 'keep-alive',
20 verbose headers   'x-served-by': 'cache-hhn1525-HHN',
20 verbose headers   'x-cache': 'MISS',
20 verbose headers   'x-cache-hits': '0',
20 verbose headers   'x-timer': 'S1512771483.978232,VS0,VE269',
20 verbose headers   vary: 'Accept-Encoding, Accept' }
21 silly get cb [ 200,
21 silly get   { 'content-type': 'application/json; charset=UTF-8',
21 silly get     server: 'UploadServer',
21 silly get     'cache-control': 'max-age=300',
21 silly get     'last-modified': 'Mon, 4 Dec 2017 17:00:09 GMT',
21 silly get     etag: '"5a257f19-7731"',
21 silly get     'content-length': '30513',
21 silly get     'accept-ranges': 'bytes',
21 silly get     date: 'Fri, 08 Dec 2017 22:18:03 GMT',
21 silly get     via: '1.1 varnish',
21 silly get     age: '0',
21 silly get     connection: 'keep-alive',
21 silly get     'x-served-by': 'cache-hhn1525-HHN',
21 silly get     'x-cache': 'MISS',
21 silly get     'x-cache-hits': '0',
21 silly get     'x-timer': 'S1512771483.978232,VS0,VE269',
21 silly get     vary: 'Accept-Encoding, Accept' } ]
22 verbose get saving flocking to C:\Users\x\AppData\Roaming\npm-cache\registry.npmjs.org\flocking\.cache.json
23 verbose correctMkdir C:\Users\x\AppData\Roaming\npm-cache correctMkdir not in flight; initializing
24 silly install normalizeTree
25 silly loadCurrentTree Finishing
26 silly loadIdealTree Starting
27 silly install loadIdealTree
28 silly cloneCurrentTree Starting
29 silly install cloneCurrentTreeToIdealTree
30 silly cloneCurrentTree Finishing
31 silly loadShrinkwrap Starting
32 silly install loadShrinkwrap
33 silly loadShrinkwrap Finishing
34 silly loadAllDepsIntoIdealTree Starting
35 silly install loadAllDepsIntoIdealTree
36 silly resolveWithNewModule flocking@0.1.6 checking installable status
37 silly cache add args [ 'flocking', null ]
38 verbose cache add spec flocking
39 silly cache add parsed spec Result {
39 silly cache add   raw: 'flocking',
39 silly cache add   scope: null,
39 silly cache add   escapedName: 'flocking',
39 silly cache add   name: 'flocking',
39 silly cache add   rawSpec: '',
39 silly cache add   spec: 'latest',
39 silly cache add   type: 'tag' }
40 silly addNamed flocking@latest
41 verbose addNamed "latest" is being treated as a dist-tag for flocking
42 info addNameTag [ 'flocking', 'latest' ]
43 silly mapToRegistry name flocking
44 silly mapToRegistry using default registry
45 silly mapToRegistry registry https://registry.npmjs.org/
46 silly mapToRegistry data Result {
46 silly mapToRegistry   raw: 'flocking',
46 silly mapToRegistry   scope: null,
46 silly mapToRegistry   escapedName: 'flocking',
46 silly mapToRegistry   name: 'flocking',
46 silly mapToRegistry   rawSpec: '',
46 silly mapToRegistry   spec: 'latest',
46 silly mapToRegistry   type: 'tag' }
47 silly mapToRegistry uri https://registry.npmjs.org/flocking
48 verbose addNameTag registry:https://registry.npmjs.org/flocking not in flight; fetching
49 verbose get https://registry.npmjs.org/flocking not expired, no request
50 silly addNameTag next cb for flocking with tag latest
51 silly addNamed flocking@0.1.6
52 verbose addNamed "0.1.6" is a plain semver version for flocking
53 silly mapToRegistry name flocking
54 silly mapToRegistry using default registry
55 silly mapToRegistry registry https://registry.npmjs.org/
56 silly mapToRegistry data Result {
56 silly mapToRegistry   raw: 'flocking',
56 silly mapToRegistry   scope: null,
56 silly mapToRegistry   escapedName: 'flocking',
56 silly mapToRegistry   name: 'flocking',
56 silly mapToRegistry   rawSpec: '',
56 silly mapToRegistry   spec: 'latest',
56 silly mapToRegistry   type: 'tag' }
57 silly mapToRegistry uri https://registry.npmjs.org/flocking
58 verbose addRemoteTarball https://registry.npmjs.org/flocking/-/flocking-0.1.6.tgz not in flight; adding
59 verbose addRemoteTarball [ 'https://registry.npmjs.org/flocking/-/flocking-0.1.6.tgz',
59 verbose addRemoteTarball   '374789f9cc4f872a9d50693229ddb379fce18d71' ]
60 info retry fetch attempt 1 at 23:18:06
61 info attempt registry request try #1 at 23:18:06
62 http fetch GET https://registry.npmjs.org/flocking/-/flocking-0.1.6.tgz
63 http fetch 200 https://registry.npmjs.org/flocking/-/flocking-0.1.6.tgz
64 silly fetchAndShaCheck shasum 374789f9cc4f872a9d50693229ddb379fce18d71
65 verbose addTmpTarball C:\Users\x\AppData\Local\Temp\npm-552-84e04e91\registry.npmjs.org\flocking\-\flocking-0.1.6.tgz not in flight; adding
66 verbose addTmpTarball already have metadata; skipping unpack for flocking@0.1.6
67 verbose correctMkdir C:\Users\x\AppData\Roaming\npm-cache correctMkdir not in flight; initializing
68 silly cache afterAdd flocking@0.1.6
69 verbose afterAdd C:\Users\x\AppData\Roaming\npm-cache\flocking\0.1.6\package\package.json not in flight; writing
70 verbose correctMkdir C:\Users\x\AppData\Roaming\npm-cache correctMkdir not in flight; initializing
71 verbose afterAdd C:\Users\x\AppData\Roaming\npm-cache\flocking\0.1.6\package\package.json written
72 silly fetchNamedPackageData midi
73 silly mapToRegistry name midi
74 silly mapToRegistry using default registry
75 silly mapToRegistry registry https://registry.npmjs.org/
76 silly mapToRegistry data Result {
76 silly mapToRegistry   raw: 'midi',
76 silly mapToRegistry   scope: null,
76 silly mapToRegistry   escapedName: 'midi',
76 silly mapToRegistry   name: 'midi',
76 silly mapToRegistry   rawSpec: '',
76 silly mapToRegistry   spec: 'latest',
76 silly mapToRegistry   type: 'tag' }
77 silly mapToRegistry uri https://registry.npmjs.org/midi
78 silly fetchOtherPackageData infusion@github:fluid-project/infusion#1.9.x
79 silly cache add args [ 'infusion@github:fluid-project/infusion#1.9.x', null ]
80 verbose cache add spec infusion@github:fluid-project/infusion#1.9.x
81 silly fetchOtherPackageData speaker@git://github.com/colinbdclark/node-speaker.git#mpg123-lower-latency
82 silly cache add args [ 'speaker@git://github.com/colinbdclark/node-speaker.git#mpg123-lower-latency',
82 silly cache add   null ]
83 verbose cache add spec speaker@git://github.com/colinbdclark/node-speaker.git#mpg123-lower-latency
84 verbose request uri https://registry.npmjs.org/midi
85 verbose request no auth needed
86 info attempt registry request try #1 at 23:18:08
87 http request GET https://registry.npmjs.org/midi
88 silly cache add parsed spec Result {
88 silly cache add   raw: 'infusion@github:fluid-project/infusion#1.9.x',
88 silly cache add   scope: null,
88 silly cache add   escapedName: 'infusion',
88 silly cache add   name: 'infusion',
88 silly cache add   rawSpec: 'github:fluid-project/infusion#1.9.x',
88 silly cache add   spec: 'github:fluid-project/infusion#1.9.x',
88 silly cache add   type: 'hosted',
88 silly cache add   hosted:
88 silly cache add    { type: 'github',
88 silly cache add      ssh: 'git@github.com:fluid-project/infusion.git#1.9.x',
88 silly cache add      sshUrl: 'git+ssh://git@github.com/fluid-project/infusion.git#1.9.x',
88 silly cache add      httpsUrl: 'git+https://github.com/fluid-project/infusion.git#1.9.x',
88 silly cache add      gitUrl: 'git://github.com/fluid-project/infusion.git#1.9.x',
88 silly cache add      shortcut: 'github:fluid-project/infusion#1.9.x',
88 silly cache add      directUrl: 'https://raw.githubusercontent.com/fluid-project/infusion/1.9.x/package.json' } }
89 verbose addRemoteGit caching github:fluid-project/infusion#1.9.x
90 verbose addRemoteGit fluid-project/infusion#1.9.x is a repository hosted by github
91 silly tryGitProto attempting to clone git://github.com/fluid-project/infusion.git#1.9.x
92 silly tryClone cloning fluid-project/infusion#1.9.x via git://github.com/fluid-project/infusion.git#1.9.x
93 verbose tryClone git-github-com-fluid-project-infusion-git-1-9-x-13fe9018 not in flight; caching
94 verbose correctMkdir C:\Users\x\AppData\Roaming\npm-cache\_git-remotes correctMkdir not in flight; initializing
95 silly cache add parsed spec Result {
95 silly cache add   raw: 'speaker@git://github.com/colinbdclark/node-speaker.git#mpg123-lower-latency',
95 silly cache add   scope: null,
95 silly cache add   escapedName: 'speaker',
95 silly cache add   name: 'speaker',
95 silly cache add   rawSpec: 'git://github.com/colinbdclark/node-speaker.git#mpg123-lower-latency',
95 silly cache add   spec: 'git://github.com/colinbdclark/node-speaker.git#mpg123-lower-latency',
95 silly cache add   type: 'hosted',
95 silly cache add   hosted:
95 silly cache add    { type: 'github',
95 silly cache add      ssh: 'git@github.com:colinbdclark/node-speaker.git#mpg123-lower-latency',
95 silly cache add      sshUrl: 'git+ssh://git@github.com/colinbdclark/node-speaker.git#mpg123-lower-latency',
95 silly cache add      httpsUrl: 'git+https://github.com/colinbdclark/node-speaker.git#mpg123-lower-latency',
95 silly cache add      gitUrl: 'git://github.com/colinbdclark/node-speaker.git#mpg123-lower-latency',
95 silly cache add      shortcut: 'github:colinbdclark/node-speaker#mpg123-lower-latency',
95 silly cache add      directUrl: 'https://raw.githubusercontent.com/colinbdclark/node-speaker/mpg123-lower-latency/package.json' } }
96 verbose addRemoteGit caching git://github.com/colinbdclark/node-speaker.git#mpg123-lower-latency
97 verbose addRemoteGit git://github.com/colinbdclark/node-speaker.git#mpg123-lower-latency is a repository hosted by github
98 silly tryClone cloning git://github.com/colinbdclark/node-speaker.git#mpg123-lower-latency via git://github.com/colinbdclark/node-speaker.git#mpg123-lower-latency
99 verbose tryClone git-github-com-colinbdclark-node-speaker-git-mpg123-lower-latency-765a8ca7 not in flight; caching
100 verbose correctMkdir C:\Users\x\AppData\Roaming\npm-cache\_git-remotes correctMkdir already in flight; waiting
101 info git [ 'clone',
101 info git   '--template=C:\\Users\\x\\AppData\\Roaming\\npm-cache\\_git-remotes\\_templates',
101 info git   '--mirror',
101 info git   'git://github.com/colinbdclark/node-speaker.git',
101 info git   'C:\\Users\\x\\AppData\\Roaming\\npm-cache\\_git-remotes\\git-github-com-colinbdclark-node-speaker-git-mpg123-lower-latency-765a8ca7' ]
102 info git [ 'clone',
102 info git   '--template=C:\\Users\\x\\AppData\\Roaming\\npm-cache\\_git-remotes\\_templates',
102 info git   '--mirror',
102 info git   'git://github.com/fluid-project/infusion.git',
102 info git   'C:\\Users\\x\\AppData\\Roaming\\npm-cache\\_git-remotes\\git-github-com-fluid-project-infusion-git-1-9-x-13fe9018' ]
103 http 200 https://registry.npmjs.org/midi
104 verbose headers { 'content-type': 'application/json; charset=UTF-8',
104 verbose headers   server: 'UploadServer',
104 verbose headers   'cache-control': 'max-age=300',
104 verbose headers   'last-modified': 'Fri, 10 Mar 2017 3:50:40 GMT',
104 verbose headers   etag: '"58c22290-6851"',
104 verbose headers   'content-length': '26705',
104 verbose headers   'accept-ranges': 'bytes',
104 verbose headers   date: 'Fri, 08 Dec 2017 22:18:05 GMT',
104 verbose headers   via: '1.1 varnish',
104 verbose headers   age: '0',
104 verbose headers   connection: 'keep-alive',
104 verbose headers   'x-served-by': 'cache-hhn1525-HHN',
104 verbose headers   'x-cache': 'MISS',
104 verbose headers   'x-cache-hits': '0',
104 verbose headers   'x-timer': 'S1512771486.588965,VS0,VE301',
104 verbose headers   vary: 'Accept-Encoding, Accept' }
105 silly get cb [ 200,
105 silly get   { 'content-type': 'application/json; charset=UTF-8',
105 silly get     server: 'UploadServer',
105 silly get     'cache-control': 'max-age=300',
105 silly get     'last-modified': 'Fri, 10 Mar 2017 3:50:40 GMT',
105 silly get     etag: '"58c22290-6851"',
105 silly get     'content-length': '26705',
105 silly get     'accept-ranges': 'bytes',
105 silly get     date: 'Fri, 08 Dec 2017 22:18:05 GMT',
105 silly get     via: '1.1 varnish',
105 silly get     age: '0',
105 silly get     connection: 'keep-alive',
105 silly get     'x-served-by': 'cache-hhn1525-HHN',
105 silly get     'x-cache': 'MISS',
105 silly get     'x-cache-hits': '0',
105 silly get     'x-timer': 'S1512771486.588965,VS0,VE301',
105 silly get     vary: 'Accept-Encoding, Accept' } ]
106 verbose get saving midi to C:\Users\x\AppData\Roaming\npm-cache\registry.npmjs.org\midi\.cache.json
107 verbose correctMkdir C:\Users\x\AppData\Roaming\npm-cache correctMkdir not in flight; initializing
108 silly resolveWithNewModule midi@0.9.4 checking installable status
109 silly cache add args [ 'midi@0.9.4', null ]
110 verbose cache add spec midi@0.9.4
111 silly cache add parsed spec Result {
111 silly cache add   raw: 'midi@0.9.4',
111 silly cache add   scope: null,
111 silly cache add   escapedName: 'midi',
111 silly cache add   name: 'midi',
111 silly cache add   rawSpec: '0.9.4',
111 silly cache add   spec: '0.9.4',
111 silly cache add   type: 'version' }
112 silly addNamed midi@0.9.4
113 verbose addNamed "0.9.4" is a plain semver version for midi
114 silly mapToRegistry name midi
115 silly mapToRegistry using default registry
116 silly mapToRegistry registry https://registry.npmjs.org/
117 silly mapToRegistry data Result {
117 silly mapToRegistry   raw: 'midi',
117 silly mapToRegistry   scope: null,
117 silly mapToRegistry   escapedName: 'midi',
117 silly mapToRegistry   name: 'midi',
117 silly mapToRegistry   rawSpec: '',
117 silly mapToRegistry   spec: 'latest',
117 silly mapToRegistry   type: 'tag' }
118 silly mapToRegistry uri https://registry.npmjs.org/midi
119 verbose addNameVersion registry:https://registry.npmjs.org/midi not in flight; fetching
120 verbose get https://registry.npmjs.org/midi not expired, no request
121 silly mapToRegistry name midi
122 silly mapToRegistry using default registry
123 silly mapToRegistry registry https://registry.npmjs.org/
124 silly mapToRegistry data Result {
124 silly mapToRegistry   raw: 'midi',
124 silly mapToRegistry   scope: null,
124 silly mapToRegistry   escapedName: 'midi',
124 silly mapToRegistry   name: 'midi',
124 silly mapToRegistry   rawSpec: '',
124 silly mapToRegistry   spec: 'latest',
124 silly mapToRegistry   type: 'tag' }
125 silly mapToRegistry uri https://registry.npmjs.org/midi
126 verbose addRemoteTarball https://registry.npmjs.org/midi/-/midi-0.9.4.tgz not in flight; adding
127 verbose addRemoteTarball [ 'https://registry.npmjs.org/midi/-/midi-0.9.4.tgz',
127 verbose addRemoteTarball   '79ad366f925a1e707c54b7d848103520bb60abc0' ]
128 info retry fetch attempt 1 at 23:18:08
129 info attempt registry request try #1 at 23:18:08
130 http fetch GET https://registry.npmjs.org/midi/-/midi-0.9.4.tgz
131 http fetch 200 https://registry.npmjs.org/midi/-/midi-0.9.4.tgz
132 silly fetchAndShaCheck shasum 79ad366f925a1e707c54b7d848103520bb60abc0
133 verbose addTmpTarball C:\Users\x\AppData\Local\Temp\npm-552-84e04e91\registry.npmjs.org\midi\-\midi-0.9.4.tgz not in flight; adding
134 verbose addTmpTarball already have metadata; skipping unpack for midi@0.9.4
135 verbose correctMkdir C:\Users\x\AppData\Roaming\npm-cache correctMkdir not in flight; initializing
136 silly cache afterAdd midi@0.9.4
137 verbose afterAdd C:\Users\x\AppData\Roaming\npm-cache\midi\0.9.4\package\package.json not in flight; writing
138 verbose correctMkdir C:\Users\x\AppData\Roaming\npm-cache correctMkdir not in flight; initializing
139 verbose afterAdd C:\Users\x\AppData\Roaming\npm-cache\midi\0.9.4\package\package.json written
140 verbose mirrorRemote git://github.com/colinbdclark/node-speaker.git#mpg123-lower-latency git clone git://github.com/colinbdclark/node-speaker.git
141 verbose setPermissions git://github.com/colinbdclark/node-speaker.git#mpg123-lower-latency skipping chownr on Windows
142 verbose resolveHead git://github.com/colinbdclark/node-speaker.git#mpg123-lower-latency original treeish: mpg123-lower-latency
143 info git [ 'rev-list', '-n1', 'mpg123-lower-latency' ]
144 silly resolveHead git://github.com/colinbdclark/node-speaker.git#mpg123-lower-latency resolved treeish: c3f0740482864f3e750ebf4d4da8c49a407edbae
145 verbose resolveHead git://github.com/colinbdclark/node-speaker.git#mpg123-lower-latency resolved Git URL: git://github.com/colinbdclark/node-speaker.git#c3f0740482864f3e750ebf4d4da8c49a407edbae
146 silly resolveHead Git working directory: C:\Users\x\AppData\Local\Temp\npm-552-84e04e91\git-cache-425a5124\c3f0740482864f3e750ebf4d4da8c49a407edbae
147 info git [ 'clone',
147 info git   'C:\\Users\\x\\AppData\\Roaming\\npm-cache\\_git-remotes\\git-github-com-colinbdclark-node-speaker-git-mpg123-lower-latency-765a8ca7',
147 info git   'C:\\Users\\x\\AppData\\Local\\Temp\\npm-552-84e04e91\\git-cache-425a5124\\c3f0740482864f3e750ebf4d4da8c49a407edbae' ]
148 verbose cloneResolved git://github.com/colinbdclark/node-speaker.git#mpg123-lower-latency clone Cloning into 'C:\Users\x\AppData\Local\Temp\npm-552-84e04e91\git-cache-425a5124\c3f0740482864f3e750ebf4d4da8c49a407edbae'...
148 verbose cloneResolved done.
149 info git [ 'checkout', 'c3f0740482864f3e750ebf4d4da8c49a407edbae' ]
150 verbose checkoutTreeish git://github.com/colinbdclark/node-speaker.git#mpg123-lower-latency checkout Note: checking out 'c3f0740482864f3e750ebf4d4da8c49a407edbae'.
150 verbose checkoutTreeish
150 verbose checkoutTreeish You are in 'detached HEAD' state. You can look around, make experimental
150 verbose checkoutTreeish changes and commit them, and you can discard any commits you make in this
150 verbose checkoutTreeish state without impacting any branches by performing another checkout.
150 verbose checkoutTreeish
150 verbose checkoutTreeish If you want to create a new branch to retain commits you create, you may
150 verbose checkoutTreeish do so (now or later) by using -b with the checkout command again. Example:
150 verbose checkoutTreeish
150 verbose checkoutTreeish   git checkout -b <new-branch-name>
150 verbose checkoutTreeish
150 verbose checkoutTreeish HEAD is now at c3f0740... Merge remote-tracking branch 'upstream/master' into mpg123-lower-latency
151 info git [ 'submodule', '-q', 'update', '--init', '--recursive' ]
152 verbose updateSubmodules git://github.com/colinbdclark/node-speaker.git#mpg123-lower-latency submodule update
153 verbose addLocalDirectory C:\Users\x\AppData\Roaming\npm-cache\speaker\0.4.0\package.tgz not in flight; packing
154 verbose correctMkdir C:\Users\x\AppData\Roaming\npm-cache correctMkdir not in flight; initializing
155 verbose tar pack [ 'C:\\Users\\x\\AppData\\Roaming\\npm-cache\\speaker\\0.4.0\\package.tgz',
155 verbose tar pack   'C:\\Users\\x\\AppData\\Local\\Temp\\npm-552-84e04e91\\git-cache-425a5124\\c3f0740482864f3e750ebf4d4da8c49a407edbae' ]
156 verbose tarball C:\Users\x\AppData\Roaming\npm-cache\speaker\0.4.0\package.tgz
157 verbose folder C:\Users\x\AppData\Local\Temp\npm-552-84e04e91\git-cache-425a5124\c3f0740482864f3e750ebf4d4da8c49a407edbae
158 verbose addLocalTarball adding from inside cache C:\Users\x\AppData\Roaming\npm-cache\speaker\0.4.0\package.tgz
159 verbose correctMkdir C:\Users\x\AppData\Roaming\npm-cache correctMkdir not in flight; initializing
160 verbose addRemoteGit data._from: git://github.com/colinbdclark/node-speaker.git#mpg123-lower-latency
161 verbose addRemoteGit data._resolved: git://github.com/colinbdclark/node-speaker.git#c3f0740482864f3e750ebf4d4da8c49a407edbae
162 silly cache afterAdd speaker@0.4.0
163 verbose afterAdd C:\Users\x\AppData\Roaming\npm-cache\speaker\0.4.0\package\package.json not in flight; writing
164 verbose correctMkdir C:\Users\x\AppData\Roaming\npm-cache correctMkdir not in flight; initializing
165 verbose afterAdd C:\Users\x\AppData\Roaming\npm-cache\speaker\0.4.0\package\package.json written
166 silly resolveWithNewModule speaker@0.4.0 checking installable status
167 verbose mirrorRemote fluid-project/infusion#1.9.x git clone git://github.com/fluid-project/infusion.git
168 verbose setPermissions fluid-project/infusion#1.9.x skipping chownr on Windows
169 verbose resolveHead fluid-project/infusion#1.9.x original treeish: 1.9.x
170 info git [ 'rev-list', '-n1', '1.9.x' ]
171 silly resolveHead fluid-project/infusion#1.9.x resolved treeish: 78a1de4b10d2adb5e4dc294dc6473ee407f6c65c
172 verbose resolveHead fluid-project/infusion#1.9.x resolved Git URL: git://github.com/fluid-project/infusion.git#78a1de4b10d2adb5e4dc294dc6473ee407f6c65c
173 silly resolveHead Git working directory: C:\Users\x\AppData\Local\Temp\npm-552-84e04e91\git-cache-c7a6168e\78a1de4b10d2adb5e4dc294dc6473ee407f6c65c
174 info git [ 'clone',
174 info git   'C:\\Users\\x\\AppData\\Roaming\\npm-cache\\_git-remotes\\git-github-com-fluid-project-infusion-git-1-9-x-13fe9018',
174 info git   'C:\\Users\\x\\AppData\\Local\\Temp\\npm-552-84e04e91\\git-cache-c7a6168e\\78a1de4b10d2adb5e4dc294dc6473ee407f6c65c' ]
175 error git clone C:\Users\x\AppData\Roaming\npm-cache\_git-remotes\git-github-com-fluid-project-infusion-git-1-9-x-13fe9018 C:\Users\x\AppData\Local\Temp\npm-552-84e04e91\git-cache-c7a6168e\78a1de4b10d2adb5e4dc294dc6473ee407f6c65c: Cloning into 'C:\Users\x\AppData\Local\Temp\npm-552-84e04e91\git-cache-c7a6168e\78a1de4b10d2adb5e4dc294dc6473ee407f6c65c'...
175 error git clone C:\Users\x\AppData\Roaming\npm-cache\_git-remotes\git-github-com-fluid-project-infusion-git-1-9-x-13fe9018 C:\Users\x\AppData\Local\Temp\npm-552-84e04e91\git-cache-c7a6168e\78a1de4b10d2adb5e4dc294dc6473ee407f6c65c: done.
175 error git clone C:\Users\x\AppData\Roaming\npm-cache\_git-remotes\git-github-com-fluid-project-infusion-git-1-9-x-13fe9018 C:\Users\x\AppData\Local\Temp\npm-552-84e04e91\git-cache-c7a6168e\78a1de4b10d2adb5e4dc294dc6473ee407f6c65c: warning: Clone succeeded, but checkout failed.
175 error git clone C:\Users\x\AppData\Roaming\npm-cache\_git-remotes\git-github-com-fluid-project-infusion-git-1-9-x-13fe9018 C:\Users\x\AppData\Local\Temp\npm-552-84e04e91\git-cache-c7a6168e\78a1de4b10d2adb5e4dc294dc6473ee407f6c65c: You can inspect what was checked out with 'git status'
175 error git clone C:\Users\x\AppData\Roaming\npm-cache\_git-remotes\git-github-com-fluid-project-infusion-git-1-9-x-13fe9018 C:\Users\x\AppData\Local\Temp\npm-552-84e04e91\git-cache-c7a6168e\78a1de4b10d2adb5e4dc294dc6473ee407f6c65c: and retry the checkout with 'git checkout -f HEAD'
176 silly tryHTTPS attempting to clone git+https://github.com/fluid-project/infusion.git#1.9.x
177 silly tryClone cloning fluid-project/infusion#1.9.x via git+https://github.com/fluid-project/infusion.git#1.9.x
178 verbose tryClone git-https-github-com-fluid-project-infusion-git-1-9-x-69b4fe6c not in flight; caching
179 verbose correctMkdir C:\Users\x\AppData\Roaming\npm-cache\_git-remotes correctMkdir not in flight; initializing
180 verbose stack Error: kill ENOSYS
180 verbose stack     at exports._errnoException (util.js:1020:11)
180 verbose stack     at process.kill (internal/process.js:190:13)
180 verbose stack     at process.listener (C:\Program Files\nodejs\node_modules\npm\node_modules\npmlog\node_modules\gauge\node_modules\signal-exit\index.js:86:15)
180 verbose stack     at emitNone (events.js:91:20)
180 verbose stack     at process.emit (events.js:185:7)
180 verbose stack     at processEmit (C:\Program Files\nodejs\node_modules\npm\node_modules\npmlog\node_modules\gauge\node_modules\signal-exit\index.js:146:32)
180 verbose stack     at processEmit (C:\Program Files\nodejs\node_modules\npm\node_modules\npm-registry-client\node_modules\npmlog\node_modules\gauge\node_modules\signal-exit\index.js:146:32)
180 verbose stack     at Signal.wrap.onsignal (internal/process.js:217:44)
181 verbose cwd C:\Users\x\Desktop\server\oscAutomat
182 error Windows_NT 10.0.16299
183 error argv "C:\\Program Files\\nodejs\\node.exe" "C:\\Program Files\\nodejs\\node_modules\\npm\\bin\\npm-cli.js" "install" "flocking"
184 error node v6.11.3
185 error npm  v3.10.10
186 error code ENOSYS
187 error errno ENOSYS
188 error syscall kill
189 error kill ENOSYS
190 error If you need help, you may report this error at:
190 error     <https://github.com/npm/npm/issues>
191 verbose exit [ 1, true ]
